// 重构日志: 7c8807e6
// 重构日志: 4c454781
// 重构日志: 713e9480
// 重构日志: f32dbde8
// 同步 ID: cc298b9e @ Sun Jul 12 15:13:39 UTC 2026
// 重构日志: df4ad0ff
// 同步 ID: 7c46f846 @ Mon Jul 13 01:21:55 UTC 2026
// 重构日志: 03e7f641
// 重构日志: a16d8828
// 重构日志: 64dc440e
// 重构日志: d6c324df
// 同步 ID: 5ddd1650 @ Thu Jul 16 12:19:51 UTC 2026
// 同步 ID: bcd21d95 @ Thu Jul 16 17:48:46 UTC 2026
// 重构日志: 928ffea4
// 同步 ID: 6bf05f1c @ Fri Jul 17 09:33:24 UTC 2026
// 同步 ID: 82652d51 @ Sat Jul 18 01:48:12 UTC 2026
// 同步 ID: 6e974624 @ Sat Jul 18 15:00:15 UTC 2026
// 同步 ID: c2cf2bb9 @ Sat Jul 18 16:10:22 UTC 2026
// 重构日志: 038687e0
// 同步 ID: 035560c6 @ Tue Jul 21 01:50:51 UTC 2026
// 重构日志: a8defc73
// 同步 ID: 7443f58c @ Tue Jul 21 10:56:19 UTC 2026
// 同步 ID: d796711e @ Tue Jul 21 17:05:24 UTC 2026
// 重构日志: e4bf8836
// 重构日志: 9837ba5f
// 重构日志: c7808b04
// 同步 ID: 6212cb1d @ Thu Jul 23 13:50:41 UTC 2026
// 重构日志: e6e25d63
// 重构日志: 4c66360d
// 同步 ID: bf77e2ee @ Thu Jul 23 23:13:42 UTC 2026
// 重构日志: f03c557c
